2019-02-16T01:09:59.622Z - normal: Load ~/.CocosCreator/settings.json
2019-02-16T01:09:59.626Z - normal: checking language setting...
2019-02-16T01:09:59.626Z - normal: Language: zh
2019-02-16T01:10:00.282Z - success: protocol editor-framework registered
2019-02-16T01:10:00.282Z - success: protocol app registered
2019-02-16T01:10:00.282Z - success: protocol theme registered
2019-02-16T01:10:00.282Z - success: protocol packages registered
2019-02-16T01:10:00.283Z - success: protocol unpack registerred
2019-02-16T01:10:00.283Z - success: protocol disable-commonjs registerred
2019-02-16T01:10:00.404Z - normal: connected!
2019-02-16T01:10:00.406Z - normal: Check project /Users/liujingyan/weixin/cocosClient
2019-02-16T01:10:00.409Z - normal: Initializing Cocos2d
2019-02-16T01:10:00.595Z - normal: Initializing Asset Database
2019-02-16T01:10:00.627Z - success: protocol uuid registerred
2019-02-16T01:10:00.627Z - success: protocol db registerred
2019-02-16T01:10:00.627Z - success: protocol thumbnail registerred
2019-02-16T01:10:00.627Z - normal: Loading editor/builtin packages
2019-02-16T01:10:00.646Z - success: anysdk loaded
2019-02-16T01:10:00.765Z - success: assets loaded
2019-02-16T01:10:00.769Z - success: builder loaded
2019-02-16T01:10:00.771Z - success: cocos-analytics loaded
2019-02-16T01:10:00.775Z - success: console loaded
2019-02-16T01:10:00.810Z - success: fb-instant-games loaded
2019-02-16T01:10:00.815Z - success: hierarchy loaded
2019-02-16T01:10:00.819Z - success: inspector loaded
2019-02-16T01:10:00.820Z - success: keystore loaded
2019-02-16T01:10:00.824Z - success: node-library loaded
2019-02-16T01:10:00.826Z - success: package-asset loaded
2019-02-16T01:10:00.828Z - success: preferences loaded
2019-02-16T01:10:00.831Z - success: project-exporter loaded
2019-02-16T01:10:00.847Z - success: project-importer loaded
2019-02-16T01:10:00.850Z - success: project-settings loaded
2019-02-16T01:10:00.853Z - success: ui-kit loaded
2019-02-16T01:10:00.858Z - success: ui-grid loaded
2019-02-16T01:10:00.862Z - success: scene loaded
2019-02-16T01:10:00.864Z - success: sprite-editor loaded
2019-02-16T01:10:00.868Z - success: store loaded
2019-02-16T01:10:00.873Z - success: timeline loaded
2019-02-16T01:10:00.874Z - normal: Loading builtin packages
2019-02-16T01:10:00.878Z - success: asset-db-debugger loaded
2019-02-16T01:10:00.879Z - success: color-picker loaded
2019-02-16T01:10:00.883Z - success: package-manager loaded
2019-02-16T01:10:00.884Z - success: qqplay-adapter loaded
2019-02-16T01:10:00.889Z - success: sdkbox loaded
2019-02-16T01:10:00.893Z - success: tester loaded
2019-02-16T01:10:00.896Z - success: ui-kit-preview-extra loaded
2019-02-16T01:10:00.899Z - success: ui-kit-preview loaded
2019-02-16T01:10:00.901Z - success: ui-tree loaded
2019-02-16T01:10:00.903Z - success: weapp-adapter loaded
2019-02-16T01:10:01.936Z - normal: Initializing project /Users/liujingyan/weixin/cocosClient
2019-02-16T01:10:01.938Z - normal: Loading packages
2019-02-16T01:10:01.943Z - normal: Watching packages
2019-02-16T01:10:02.063Z - normal: Run Application
2019-02-16T01:10:02.806Z - success: preview server running at http://localhost:7456
2019-02-16T01:10:07.319Z - normal: 1.9.3
2019-02-16T01:10:07.533Z - warn: Please specifiy a default value for "label" property at its declaration: 😂
    // Before:
    @property(...)
    value;

    // After:
    @property(...)
    value = 0;
2019-02-16T01:10:07.534Z - warn: Please specifiy a default value for "touxiang" property at its declaration: 😂
    // Before:
    @property(...)
    value;

    // After:
    @property(...)
    value = 0;
2019-02-16T01:10:07.534Z - warn: Please specifiy a default value for "opendataRoot" property at its declaration: 😂
    // Before:
    @property(...)
    value;

    // After:
    @property(...)
    value = 0;
2019-02-16T01:10:30.496Z - normal: Start building with options : {
  "androidStudio": true,
  "apiLevel": "",
  "appABIs": [],
  "appKey": "",
  "appSecret": "",
  "buildPath": "/Users/liujingyan/weixin/cocosClient/build",
  "debug": false,
  "dest": "/Users/liujingyan/weixin/cocosClient/build/wechatgame",
  "encryptJs": true,
  "excludeScenes": [],
  "excludedModules": [],
  "fb-instant-games": {},
  "includeAnySDK": false,
  "includeEruda": false,
  "includeSDKBox": false,
  "inlineSpriteFrames": true,
  "inlineSpriteFrames_native": true,
  "jailbreakPlatform": false,
  "md5Cache": true,
  "mergeStartScene": false,
  "oauthLoginServer": "",
  "optimizeHotUpdate": false,
  "orientation": {
    "landscapeLeft": true,
    "landscapeRight": true,
    "portrait": false,
    "upsideDown": false
  },
  "packageName": "org.cocos2d.helloworld",
  "platform": "wechatgame",
  "previewHeight": "720",
  "previewWidth": "1280",
  "privateKey": "",
  "qqplay": {
    "REMOTE_SERVER_ROOT": "",
    "orientation": "portrait"
  },
  "renderMode": "2",
  "scenes": [
    "2d2f792f-a40c-49bb-a189-ed176a246e49"
  ],
  "sourceMaps": false,
  "startScene": "2d2f792f-a40c-49bb-a189-ed176a246e49",
  "template": "link",
  "title": "helloworld",
  "useDebugKeystore": true,
  "vsVersion": "auto",
  "webOrientation": "auto",
  "wechatgame": {
    "REMOTE_SERVER_ROOT": "",
    "appid": "wx71cb660e6998b9f2",
    "isSubdomain": false,
    "orientation": "portrait",
    "subContext": "wx-open-data-project"
  },
  "xxteaKey": "4f254add-1d78-41",
  "zipCompressJs": true,
  "project": "/Users/liujingyan/weixin/cocosClient",
  "projectName": "helloworld",
  "debugBuildWorker": false
}
2019-02-16T01:10:30.498Z - normal: Building /Users/liujingyan/weixin/cocosClient
2019-02-16T01:10:30.498Z - normal: Destination /Users/liujingyan/weixin/cocosClient/build/wechatgame
2019-02-16T01:10:30.780Z - normal: Delete /Users/liujingyan/weixin/cocosClient/build/wechatgame/**/*
2019-02-16T01:10:32.793Z - normal: Compiled project javascript file successfully
2019-02-16T01:10:32.793Z - normal: Start building assets
2019-02-16T01:10:32.794Z - normal: Start spawn build-worker
2019-02-16T01:10:33.456Z - normal: Finish spawn build-worker
2019-02-16T01:10:33.457Z - normal: Start init build-worker
2019-02-16T01:10:35.412Z - normal: 1.9.3
2019-02-16T01:10:35.497Z - normal: Finish init build-worker
2019-02-16T01:10:35.497Z - normal: Start build-assets in worker
2019-02-16T01:10:35.677Z - normal: Finish build-assets in worker
2019-02-16T01:10:35.680Z - normal: Finish building assets
2019-02-16T01:10:35.685Z - normal: Start building raw assets
2019-02-16T01:10:35.686Z - normal: Start building plugin scripts
2019-02-16T01:10:35.737Z - normal: Finish building raw assets
2019-02-16T01:10:35.742Z - normal: Generating main.js from /Applications/CocosCreator_1.9.app/Contents/Resources/static/build-templates/shares/main.js
2019-02-16T01:10:37.347Z - normal: Built to "/Users/liujingyan/weixin/cocosClient/build/wechatgame" successfully
2019-02-16T02:18:05.875Z - warn: The Node referenced by component "Helloworld" is invalid. Detailed information:
Node path: "Canvas/root"

2019-02-16T02:18:13.883Z - normal: Start building with options : {
  "androidStudio": true,
  "apiLevel": "",
  "appABIs": [],
  "appKey": "",
  "appSecret": "",
  "buildPath": "/Users/liujingyan/weixin/cocosClient/build",
  "debug": false,
  "dest": "/Users/liujingyan/weixin/cocosClient/build/wechatgame",
  "encryptJs": true,
  "excludeScenes": [],
  "excludedModules": [],
  "fb-instant-games": {},
  "includeAnySDK": false,
  "includeEruda": false,
  "includeSDKBox": false,
  "inlineSpriteFrames": true,
  "inlineSpriteFrames_native": true,
  "jailbreakPlatform": false,
  "md5Cache": true,
  "mergeStartScene": false,
  "oauthLoginServer": "",
  "optimizeHotUpdate": false,
  "orientation": {
    "landscapeLeft": true,
    "landscapeRight": true,
    "portrait": false,
    "upsideDown": false
  },
  "packageName": "org.cocos2d.helloworld",
  "platform": "wechatgame",
  "previewHeight": "720",
  "previewWidth": "1280",
  "privateKey": "",
  "qqplay": {
    "REMOTE_SERVER_ROOT": "",
    "orientation": "portrait"
  },
  "renderMode": "2",
  "scenes": [
    "2d2f792f-a40c-49bb-a189-ed176a246e49"
  ],
  "sourceMaps": false,
  "startScene": "2d2f792f-a40c-49bb-a189-ed176a246e49",
  "template": "link",
  "title": "helloworld",
  "useDebugKeystore": true,
  "vsVersion": "auto",
  "webOrientation": "auto",
  "wechatgame": {
    "REMOTE_SERVER_ROOT": "",
    "appid": "wx71cb660e6998b9f2",
    "isSubdomain": false,
    "orientation": "portrait",
    "subContext": "wx-open-data-project"
  },
  "xxteaKey": "4f254add-1d78-41",
  "zipCompressJs": true,
  "project": "/Users/liujingyan/weixin/cocosClient",
  "projectName": "helloworld",
  "debugBuildWorker": false
}
2019-02-16T02:18:13.885Z - normal: Building /Users/liujingyan/weixin/cocosClient
2019-02-16T02:18:13.886Z - normal: Destination /Users/liujingyan/weixin/cocosClient/build/wechatgame
2019-02-16T02:18:13.887Z - normal: Delete /Users/liujingyan/weixin/cocosClient/build/wechatgame/**/*
2019-02-16T02:18:15.664Z - normal: Compiled project javascript file successfully
2019-02-16T02:18:15.664Z - normal: Start building assets
2019-02-16T02:18:15.664Z - normal: Start spawn build-worker
2019-02-16T02:18:16.463Z - normal: Finish spawn build-worker
2019-02-16T02:18:16.463Z - normal: Start init build-worker
2019-02-16T02:18:18.464Z - normal: 1.9.3
2019-02-16T02:18:18.546Z - normal: Finish init build-worker
2019-02-16T02:18:18.546Z - normal: Start build-assets in worker
2019-02-16T02:18:18.710Z - normal: Finish build-assets in worker
2019-02-16T02:18:18.712Z - normal: Finish building assets
2019-02-16T02:18:18.718Z - normal: Start building raw assets
2019-02-16T02:18:18.719Z - normal: Start building plugin scripts
2019-02-16T02:18:18.759Z - normal: Finish building raw assets
2019-02-16T02:18:18.763Z - normal: Generating main.js from /Applications/CocosCreator_1.9.app/Contents/Resources/static/build-templates/shares/main.js
2019-02-16T02:18:19.887Z - normal: Built to "/Users/liujingyan/weixin/cocosClient/build/wechatgame" successfully
2019-02-16T02:19:49.815Z - info: shutdown preview server
